CRITICAL - 2024-01-17 12:11:23 --> ErrorException: array_column() expects parameter 1 to be array, null given
in APPPATH\Views\welcome_message.php on line 45.
 1 [internal function]: CodeIgniter\Debug\Exceptions->errorHandler(2, 'array_column() expects parameter 1 to be array, null given', 'D:\\test kerja\\pitjarus-test\\frontend\\app\\Views\\welcome_message.php', 45, [...])
 2 APPPATH\Views\welcome_message.php(45): array_column(null, 'label')
 3 SYSTEMPATH\View\View.php(228): include('D:\\test kerja\\pitjarus-test\\frontend\\app\\Views\\welcome_message.php')
 4 SYSTEMPATH\View\View.php(231): CodeIgniter\View\View->CodeIgniter\View\{closure}()
 5 SYSTEMPATH\Common.php(1178): CodeIgniter\View\View->render('welcome_message', [], true)
 6 APPPATH\Controllers\Home.php(16): view('welcome_message', [...])
 7 SYSTEMPATH\CodeIgniter.php(941): App\Controllers\Home->index()
 8 SYSTEMPATH\CodeIgniter.php(502): CodeIgniter\CodeIgniter->runController(Object(App\Controllers\Home))
 9 SYSTEMPATH\CodeIgniter.php(361): CodeIgniter\CodeIgniter->handleRequest(null, Object(Config\Cache), false)
10 FCPATH\index.php(79): CodeIgniter\CodeIgniter->run()
11 SYSTEMPATH\Commands\Server\rewrite.php(47): require_once('D:\\test kerja\\pitjarus-test\\frontend\\public\\index.php')
CRITICAL - 2024-01-17 12:19:59 --> CodeIgniter\HTTP\Exceptions\HTTPException: 22 : The requested URL returned error: 404 Not Found
in SYSTEMPATH\HTTP\CURLRequest.php on line 695.
 1 SYSTEMPATH\HTTP\CURLRequest.php(695): CodeIgniter\HTTP\Exceptions\HTTPException::forCurlError('22', 'The requested URL returned error: 404 Not Found')
 2 SYSTEMPATH\HTTP\CURLRequest.php(387): CodeIgniter\HTTP\CURLRequest->sendRequest([...])
 3 SYSTEMPATH\HTTP\CURLRequest.php(145): CodeIgniter\HTTP\CURLRequest->send('get', 'http://localhost:5000/get-chart-1')
 4 SYSTEMPATH\HTTP\CURLRequest.php(180): CodeIgniter\HTTP\CURLRequest->request('get', 'http://localhost:5000/get-chart-1', [])
 5 APPPATH\Controllers\Home.php(10): CodeIgniter\HTTP\CURLRequest->get('http://localhost:5000/get-chart-1')
 6 SYSTEMPATH\CodeIgniter.php(941): App\Controllers\Home->index()
 7 SYSTEMPATH\CodeIgniter.php(502): CodeIgniter\CodeIgniter->runController(Object(App\Controllers\Home))
 8 SYSTEMPATH\CodeIgniter.php(361): CodeIgniter\CodeIgniter->handleRequest(null, Object(Config\Cache), false)
 9 FCPATH\index.php(79): CodeIgniter\CodeIgniter->run()
10 SYSTEMPATH\Commands\Server\rewrite.php(47): require_once('D:\\test kerja\\pitjarus-test\\frontend\\public\\index.php')
CRITICAL - 2024-01-17 12:20:10 --> CodeIgniter\HTTP\Exceptions\HTTPException: 22 : The requested URL returned error: 404 Not Found
in SYSTEMPATH\HTTP\CURLRequest.php on line 695.
 1 SYSTEMPATH\HTTP\CURLRequest.php(695): CodeIgniter\HTTP\Exceptions\HTTPException::forCurlError('22', 'The requested URL returned error: 404 Not Found')
 2 SYSTEMPATH\HTTP\CURLRequest.php(387): CodeIgniter\HTTP\CURLRequest->sendRequest([...])
 3 SYSTEMPATH\HTTP\CURLRequest.php(145): CodeIgniter\HTTP\CURLRequest->send('get', 'http://localhost:5000/get-chart-1')
 4 SYSTEMPATH\HTTP\CURLRequest.php(180): CodeIgniter\HTTP\CURLRequest->request('get', 'http://localhost:5000/get-chart-1', [])
 5 APPPATH\Controllers\Home.php(10): CodeIgniter\HTTP\CURLRequest->get('http://localhost:5000/get-chart-1')
 6 SYSTEMPATH\CodeIgniter.php(941): App\Controllers\Home->index()
 7 SYSTEMPATH\CodeIgniter.php(502): CodeIgniter\CodeIgniter->runController(Object(App\Controllers\Home))
 8 SYSTEMPATH\CodeIgniter.php(361): CodeIgniter\CodeIgniter->handleRequest(null, Object(Config\Cache), false)
 9 FCPATH\index.php(79): CodeIgniter\CodeIgniter->run()
10 SYSTEMPATH\Commands\Server\rewrite.php(47): require_once('D:\\test kerja\\pitjarus-test\\frontend\\public\\index.php')
CRITICAL - 2024-01-17 12:20:12 --> CodeIgniter\HTTP\Exceptions\HTTPException: 22 : The requested URL returned error: 404 Not Found
in SYSTEMPATH\HTTP\CURLRequest.php on line 695.
 1 SYSTEMPATH\HTTP\CURLRequest.php(695): CodeIgniter\HTTP\Exceptions\HTTPException::forCurlError('22', 'The requested URL returned error: 404 Not Found')
 2 SYSTEMPATH\HTTP\CURLRequest.php(387): CodeIgniter\HTTP\CURLRequest->sendRequest([...])
 3 SYSTEMPATH\HTTP\CURLRequest.php(145): CodeIgniter\HTTP\CURLRequest->send('get', 'http://localhost:5000/get-chart-1')
 4 SYSTEMPATH\HTTP\CURLRequest.php(180): CodeIgniter\HTTP\CURLRequest->request('get', 'http://localhost:5000/get-chart-1', [])
 5 APPPATH\Controllers\Home.php(10): CodeIgniter\HTTP\CURLRequest->get('http://localhost:5000/get-chart-1')
 6 SYSTEMPATH\CodeIgniter.php(941): App\Controllers\Home->index()
 7 SYSTEMPATH\CodeIgniter.php(502): CodeIgniter\CodeIgniter->runController(Object(App\Controllers\Home))
 8 SYSTEMPATH\CodeIgniter.php(361): CodeIgniter\CodeIgniter->handleRequest(null, Object(Config\Cache), false)
 9 FCPATH\index.php(79): CodeIgniter\CodeIgniter->run()
10 SYSTEMPATH\Commands\Server\rewrite.php(47): require_once('D:\\test kerja\\pitjarus-test\\frontend\\public\\index.php')
CRITICAL - 2024-01-17 12:20:42 --> TypeError: Argument 3 passed to view() must be of the type array, null given, called in D:\test kerja\pitjarus-test\frontend\app\Controllers\Home.php on line 16
in SYSTEMPATH\Common.php on line 1166.
 1 APPPATH\Controllers\Home.php(16): view('welcome_message', [...], null)
 2 SYSTEMPATH\CodeIgniter.php(941): App\Controllers\Home->index()
 3 SYSTEMPATH\CodeIgniter.php(502): CodeIgniter\CodeIgniter->runController(Object(App\Controllers\Home))
 4 SYSTEMPATH\CodeIgniter.php(361): CodeIgniter\CodeIgniter->handleRequest(null, Object(Config\Cache), false)
 5 FCPATH\index.php(79): CodeIgniter\CodeIgniter->run()
 6 SYSTEMPATH\Commands\Server\rewrite.php(47): require_once('D:\\test kerja\\pitjarus-test\\frontend\\public\\index.php')
CRITICAL - 2024-01-17 12:21:11 --> CodeIgniter\HTTP\Exceptions\HTTPException: 22 : The requested URL returned error: 404 Not Found
in SYSTEMPATH\HTTP\CURLRequest.php on line 695.
 1 SYSTEMPATH\HTTP\CURLRequest.php(695): CodeIgniter\HTTP\Exceptions\HTTPException::forCurlError('22', 'The requested URL returned error: 404 Not Found')
 2 SYSTEMPATH\HTTP\CURLRequest.php(387): CodeIgniter\HTTP\CURLRequest->sendRequest([...])
 3 SYSTEMPATH\HTTP\CURLRequest.php(145): CodeIgniter\HTTP\CURLRequest->send('get', 'http://localhost:5000/get-chart-1')
 4 SYSTEMPATH\HTTP\CURLRequest.php(180): CodeIgniter\HTTP\CURLRequest->request('get', 'http://localhost:5000/get-chart-1', [])
 5 APPPATH\Controllers\Home.php(11): CodeIgniter\HTTP\CURLRequest->get('http://localhost:5000/get-chart-1')
 6 SYSTEMPATH\CodeIgniter.php(941): App\Controllers\Home->index()
 7 SYSTEMPATH\CodeIgniter.php(502): CodeIgniter\CodeIgniter->runController(Object(App\Controllers\Home))
 8 SYSTEMPATH\CodeIgniter.php(361): CodeIgniter\CodeIgniter->handleRequest(null, Object(Config\Cache), false)
 9 FCPATH\index.php(79): CodeIgniter\CodeIgniter->run()
10 SYSTEMPATH\Commands\Server\rewrite.php(47): require_once('D:\\test kerja\\pitjarus-test\\frontend\\public\\index.php')
CRITICAL - 2024-01-17 12:21:21 --> CodeIgniter\HTTP\Exceptions\HTTPException: 22 : The requested URL returned error: 404 Not Found
in SYSTEMPATH\HTTP\CURLRequest.php on line 695.
 1 SYSTEMPATH\HTTP\CURLRequest.php(695): CodeIgniter\HTTP\Exceptions\HTTPException::forCurlError('22', 'The requested URL returned error: 404 Not Found')
 2 SYSTEMPATH\HTTP\CURLRequest.php(387): CodeIgniter\HTTP\CURLRequest->sendRequest([...])
 3 SYSTEMPATH\HTTP\CURLRequest.php(145): CodeIgniter\HTTP\CURLRequest->send('get', 'http://localhost:5000/get-chart-1')
 4 SYSTEMPATH\HTTP\CURLRequest.php(180): CodeIgniter\HTTP\CURLRequest->request('get', 'http://localhost:5000/get-chart-1', [])
 5 APPPATH\Controllers\Home.php(11): CodeIgniter\HTTP\CURLRequest->get('http://localhost:5000/get-chart-1')
 6 SYSTEMPATH\CodeIgniter.php(941): App\Controllers\Home->index()
 7 SYSTEMPATH\CodeIgniter.php(502): CodeIgniter\CodeIgniter->runController(Object(App\Controllers\Home))
 8 SYSTEMPATH\CodeIgniter.php(361): CodeIgniter\CodeIgniter->handleRequest(null, Object(Config\Cache), false)
 9 FCPATH\index.php(79): CodeIgniter\CodeIgniter->run()
10 SYSTEMPATH\Commands\Server\rewrite.php(47): require_once('D:\\test kerja\\pitjarus-test\\frontend\\public\\index.php')
CRITICAL - 2024-01-17 12:25:39 --> ErrorException: array_key_exists() expects parameter 2 to be array, string given
in APPPATH\Views\welcome_message.php on line 47.
 1 APPPATH\Views\welcome_message.php(47): CodeIgniter\Debug\Exceptions->errorHandler(2, 'array_key_exists() expects parameter 2 to be array, string given', 'D:\\test kerja\\pitjarus-test\\frontend\\app\\Views\\welcome_message.php', 47, [...])
 2 SYSTEMPATH\View\View.php(228): include('D:\\test kerja\\pitjarus-test\\frontend\\app\\Views\\welcome_message.php')
 3 SYSTEMPATH\View\View.php(231): CodeIgniter\View\View->CodeIgniter\View\{closure}()
 4 SYSTEMPATH\Common.php(1178): CodeIgniter\View\View->render('welcome_message', [], true)
 5 APPPATH\Controllers\Home.php(25): view('welcome_message', [...])
 6 SYSTEMPATH\CodeIgniter.php(941): App\Controllers\Home->index()
 7 SYSTEMPATH\CodeIgniter.php(502): CodeIgniter\CodeIgniter->runController(Object(App\Controllers\Home))
 8 SYSTEMPATH\CodeIgniter.php(361): CodeIgniter\CodeIgniter->handleRequest(null, Object(Config\Cache), false)
 9 FCPATH\index.php(79): CodeIgniter\CodeIgniter->run()
10 SYSTEMPATH\Commands\Server\rewrite.php(47): require_once('D:\\test kerja\\pitjarus-test\\frontend\\public\\index.php')
CRITICAL - 2024-01-17 12:26:03 --> ErrorException: Invalid argument supplied for foreach()
in APPPATH\Views\welcome_message.php on line 61.
 1 APPPATH\Views\welcome_message.php(61): CodeIgniter\Debug\Exceptions->errorHandler(2, 'Invalid argument supplied for foreach()', 'D:\\test kerja\\pitjarus-test\\frontend\\app\\Views\\welcome_message.php', 61, [...])
 2 SYSTEMPATH\View\View.php(228): include('D:\\test kerja\\pitjarus-test\\frontend\\app\\Views\\welcome_message.php')
 3 SYSTEMPATH\View\View.php(231): CodeIgniter\View\View->CodeIgniter\View\{closure}()
 4 SYSTEMPATH\Common.php(1178): CodeIgniter\View\View->render('welcome_message', [], true)
 5 APPPATH\Controllers\Home.php(25): view('welcome_message', [...])
 6 SYSTEMPATH\CodeIgniter.php(941): App\Controllers\Home->index()
 7 SYSTEMPATH\CodeIgniter.php(502): CodeIgniter\CodeIgniter->runController(Object(App\Controllers\Home))
 8 SYSTEMPATH\CodeIgniter.php(361): CodeIgniter\CodeIgniter->handleRequest(null, Object(Config\Cache), false)
 9 FCPATH\index.php(79): CodeIgniter\CodeIgniter->run()
10 SYSTEMPATH\Commands\Server\rewrite.php(47): require_once('D:\\test kerja\\pitjarus-test\\frontend\\public\\index.php')
CRITICAL - 2024-01-17 12:26:03 --> ErrorException: Invalid argument supplied for foreach()
in APPPATH\Views\welcome_message.php on line 61.
 1 APPPATH\Views\welcome_message.php(61): CodeIgniter\Debug\Exceptions->errorHandler(2, 'Invalid argument supplied for foreach()', 'D:\\test kerja\\pitjarus-test\\frontend\\app\\Views\\welcome_message.php', 61, [...])
 2 SYSTEMPATH\View\View.php(228): include('D:\\test kerja\\pitjarus-test\\frontend\\app\\Views\\welcome_message.php')
 3 SYSTEMPATH\View\View.php(231): CodeIgniter\View\View->CodeIgniter\View\{closure}()
 4 SYSTEMPATH\Common.php(1178): CodeIgniter\View\View->render('welcome_message', [], true)
 5 APPPATH\Controllers\Home.php(25): view('welcome_message', [...])
 6 SYSTEMPATH\CodeIgniter.php(941): App\Controllers\Home->index()
 7 SYSTEMPATH\CodeIgniter.php(502): CodeIgniter\CodeIgniter->runController(Object(App\Controllers\Home))
 8 SYSTEMPATH\CodeIgniter.php(361): CodeIgniter\CodeIgniter->handleRequest(null, Object(Config\Cache), false)
 9 FCPATH\index.php(79): CodeIgniter\CodeIgniter->run()
10 SYSTEMPATH\Commands\Server\rewrite.php(47): require_once('D:\\test kerja\\pitjarus-test\\frontend\\public\\index.php')
CRITICAL - 2024-01-17 12:26:04 --> ErrorException: Invalid argument supplied for foreach()
in APPPATH\Views\welcome_message.php on line 61.
 1 APPPATH\Views\welcome_message.php(61): CodeIgniter\Debug\Exceptions->errorHandler(2, 'Invalid argument supplied for foreach()', 'D:\\test kerja\\pitjarus-test\\frontend\\app\\Views\\welcome_message.php', 61, [...])
 2 SYSTEMPATH\View\View.php(228): include('D:\\test kerja\\pitjarus-test\\frontend\\app\\Views\\welcome_message.php')
 3 SYSTEMPATH\View\View.php(231): CodeIgniter\View\View->CodeIgniter\View\{closure}()
 4 SYSTEMPATH\Common.php(1178): CodeIgniter\View\View->render('welcome_message', [], true)
 5 APPPATH\Controllers\Home.php(25): view('welcome_message', [...])
 6 SYSTEMPATH\CodeIgniter.php(941): App\Controllers\Home->index()
 7 SYSTEMPATH\CodeIgniter.php(502): CodeIgniter\CodeIgniter->runController(Object(App\Controllers\Home))
 8 SYSTEMPATH\CodeIgniter.php(361): CodeIgniter\CodeIgniter->handleRequest(null, Object(Config\Cache), false)
 9 FCPATH\index.php(79): CodeIgniter\CodeIgniter->run()
10 SYSTEMPATH\Commands\Server\rewrite.php(47): require_once('D:\\test kerja\\pitjarus-test\\frontend\\public\\index.php')
CRITICAL - 2024-01-17 12:26:04 --> ErrorException: Invalid argument supplied for foreach()
in APPPATH\Views\welcome_message.php on line 61.
 1 APPPATH\Views\welcome_message.php(61): CodeIgniter\Debug\Exceptions->errorHandler(2, 'Invalid argument supplied for foreach()', 'D:\\test kerja\\pitjarus-test\\frontend\\app\\Views\\welcome_message.php', 61, [...])
 2 SYSTEMPATH\View\View.php(228): include('D:\\test kerja\\pitjarus-test\\frontend\\app\\Views\\welcome_message.php')
 3 SYSTEMPATH\View\View.php(231): CodeIgniter\View\View->CodeIgniter\View\{closure}()
 4 SYSTEMPATH\Common.php(1178): CodeIgniter\View\View->render('welcome_message', [], true)
 5 APPPATH\Controllers\Home.php(25): view('welcome_message', [...])
 6 SYSTEMPATH\CodeIgniter.php(941): App\Controllers\Home->index()
 7 SYSTEMPATH\CodeIgniter.php(502): CodeIgniter\CodeIgniter->runController(Object(App\Controllers\Home))
 8 SYSTEMPATH\CodeIgniter.php(361): CodeIgniter\CodeIgniter->handleRequest(null, Object(Config\Cache), false)
 9 FCPATH\index.php(79): CodeIgniter\CodeIgniter->run()
10 SYSTEMPATH\Commands\Server\rewrite.php(47): require_once('D:\\test kerja\\pitjarus-test\\frontend\\public\\index.php')
CRITICAL - 2024-01-17 12:26:39 --> ErrorException: Invalid argument supplied for foreach()
in APPPATH\Views\welcome_message.php on line 51.
 1 APPPATH\Views\welcome_message.php(51): CodeIgniter\Debug\Exceptions->errorHandler(2, 'Invalid argument supplied for foreach()', 'D:\\test kerja\\pitjarus-test\\frontend\\app\\Views\\welcome_message.php', 51, [...])
 2 SYSTEMPATH\View\View.php(228): include('D:\\test kerja\\pitjarus-test\\frontend\\app\\Views\\welcome_message.php')
 3 SYSTEMPATH\View\View.php(231): CodeIgniter\View\View->CodeIgniter\View\{closure}()
 4 SYSTEMPATH\Common.php(1178): CodeIgniter\View\View->render('welcome_message', [], true)
 5 APPPATH\Controllers\Home.php(25): view('welcome_message', [...])
 6 SYSTEMPATH\CodeIgniter.php(941): App\Controllers\Home->index()
 7 SYSTEMPATH\CodeIgniter.php(502): CodeIgniter\CodeIgniter->runController(Object(App\Controllers\Home))
 8 SYSTEMPATH\CodeIgniter.php(361): CodeIgniter\CodeIgniter->handleRequest(null, Object(Config\Cache), false)
 9 FCPATH\index.php(79): CodeIgniter\CodeIgniter->run()
10 SYSTEMPATH\Commands\Server\rewrite.php(47): require_once('D:\\test kerja\\pitjarus-test\\frontend\\public\\index.php')
CRITICAL - 2024-01-17 12:26:56 --> ErrorException: array_key_exists() expects parameter 2 to be array, string given
in APPPATH\Views\welcome_message.php on line 45.
 1 APPPATH\Views\welcome_message.php(45): CodeIgniter\Debug\Exceptions->errorHandler(2, 'array_key_exists() expects parameter 2 to be array, string given', 'D:\\test kerja\\pitjarus-test\\frontend\\app\\Views\\welcome_message.php', 45, [...])
 2 SYSTEMPATH\View\View.php(228): include('D:\\test kerja\\pitjarus-test\\frontend\\app\\Views\\welcome_message.php')
 3 SYSTEMPATH\View\View.php(231): CodeIgniter\View\View->CodeIgniter\View\{closure}()
 4 SYSTEMPATH\Common.php(1178): CodeIgniter\View\View->render('welcome_message', [], true)
 5 APPPATH\Controllers\Home.php(25): view('welcome_message', [...])
 6 SYSTEMPATH\CodeIgniter.php(941): App\Controllers\Home->index()
 7 SYSTEMPATH\CodeIgniter.php(502): CodeIgniter\CodeIgniter->runController(Object(App\Controllers\Home))
 8 SYSTEMPATH\CodeIgniter.php(361): CodeIgniter\CodeIgniter->handleRequest(null, Object(Config\Cache), false)
 9 FCPATH\index.php(79): CodeIgniter\CodeIgniter->run()
10 SYSTEMPATH\Commands\Server\rewrite.php(47): require_once('D:\\test kerja\\pitjarus-test\\frontend\\public\\index.php')
CRITICAL - 2024-01-17 12:26:57 --> ErrorException: array_key_exists() expects parameter 2 to be array, string given
in APPPATH\Views\welcome_message.php on line 45.
 1 APPPATH\Views\welcome_message.php(45): CodeIgniter\Debug\Exceptions->errorHandler(2, 'array_key_exists() expects parameter 2 to be array, string given', 'D:\\test kerja\\pitjarus-test\\frontend\\app\\Views\\welcome_message.php', 45, [...])
 2 SYSTEMPATH\View\View.php(228): include('D:\\test kerja\\pitjarus-test\\frontend\\app\\Views\\welcome_message.php')
 3 SYSTEMPATH\View\View.php(231): CodeIgniter\View\View->CodeIgniter\View\{closure}()
 4 SYSTEMPATH\Common.php(1178): CodeIgniter\View\View->render('welcome_message', [], true)
 5 APPPATH\Controllers\Home.php(25): view('welcome_message', [...])
 6 SYSTEMPATH\CodeIgniter.php(941): App\Controllers\Home->index()
 7 SYSTEMPATH\CodeIgniter.php(502): CodeIgniter\CodeIgniter->runController(Object(App\Controllers\Home))
 8 SYSTEMPATH\CodeIgniter.php(361): CodeIgniter\CodeIgniter->handleRequest(null, Object(Config\Cache), false)
 9 FCPATH\index.php(79): CodeIgniter\CodeIgniter->run()
10 SYSTEMPATH\Commands\Server\rewrite.php(47): require_once('D:\\test kerja\\pitjarus-test\\frontend\\public\\index.php')
CRITICAL - 2024-01-17 12:26:57 --> ErrorException: array_key_exists() expects parameter 2 to be array, string given
in APPPATH\Views\welcome_message.php on line 45.
 1 APPPATH\Views\welcome_message.php(45): CodeIgniter\Debug\Exceptions->errorHandler(2, 'array_key_exists() expects parameter 2 to be array, string given', 'D:\\test kerja\\pitjarus-test\\frontend\\app\\Views\\welcome_message.php', 45, [...])
 2 SYSTEMPATH\View\View.php(228): include('D:\\test kerja\\pitjarus-test\\frontend\\app\\Views\\welcome_message.php')
 3 SYSTEMPATH\View\View.php(231): CodeIgniter\View\View->CodeIgniter\View\{closure}()
 4 SYSTEMPATH\Common.php(1178): CodeIgniter\View\View->render('welcome_message', [], true)
 5 APPPATH\Controllers\Home.php(25): view('welcome_message', [...])
 6 SYSTEMPATH\CodeIgniter.php(941): App\Controllers\Home->index()
 7 SYSTEMPATH\CodeIgniter.php(502): CodeIgniter\CodeIgniter->runController(Object(App\Controllers\Home))
 8 SYSTEMPATH\CodeIgniter.php(361): CodeIgniter\CodeIgniter->handleRequest(null, Object(Config\Cache), false)
 9 FCPATH\index.php(79): CodeIgniter\CodeIgniter->run()
10 SYSTEMPATH\Commands\Server\rewrite.php(47): require_once('D:\\test kerja\\pitjarus-test\\frontend\\public\\index.php')
CRITICAL - 2024-01-17 12:26:57 --> ErrorException: array_key_exists() expects parameter 2 to be array, string given
in APPPATH\Views\welcome_message.php on line 45.
 1 APPPATH\Views\welcome_message.php(45): CodeIgniter\Debug\Exceptions->errorHandler(2, 'array_key_exists() expects parameter 2 to be array, string given', 'D:\\test kerja\\pitjarus-test\\frontend\\app\\Views\\welcome_message.php', 45, [...])
 2 SYSTEMPATH\View\View.php(228): include('D:\\test kerja\\pitjarus-test\\frontend\\app\\Views\\welcome_message.php')
 3 SYSTEMPATH\View\View.php(231): CodeIgniter\View\View->CodeIgniter\View\{closure}()
 4 SYSTEMPATH\Common.php(1178): CodeIgniter\View\View->render('welcome_message', [], true)
 5 APPPATH\Controllers\Home.php(25): view('welcome_message', [...])
 6 SYSTEMPATH\CodeIgniter.php(941): App\Controllers\Home->index()
 7 SYSTEMPATH\CodeIgniter.php(502): CodeIgniter\CodeIgniter->runController(Object(App\Controllers\Home))
 8 SYSTEMPATH\CodeIgniter.php(361): CodeIgniter\CodeIgniter->handleRequest(null, Object(Config\Cache), false)
 9 FCPATH\index.php(79): CodeIgniter\CodeIgniter->run()
10 SYSTEMPATH\Commands\Server\rewrite.php(47): require_once('D:\\test kerja\\pitjarus-test\\frontend\\public\\index.php')
CRITICAL - 2024-01-17 12:28:53 --> ErrorException: Invalid argument supplied for foreach()
in APPPATH\Views\welcome_message.php on line 57.
 1 APPPATH\Views\welcome_message.php(57): CodeIgniter\Debug\Exceptions->errorHandler(2, 'Invalid argument supplied for foreach()', 'D:\\test kerja\\pitjarus-test\\frontend\\app\\Views\\welcome_message.php', 57, [...])
 2 SYSTEMPATH\View\View.php(228): include('D:\\test kerja\\pitjarus-test\\frontend\\app\\Views\\welcome_message.php')
 3 SYSTEMPATH\View\View.php(231): CodeIgniter\View\View->CodeIgniter\View\{closure}()
 4 SYSTEMPATH\Common.php(1178): CodeIgniter\View\View->render('welcome_message', [], true)
 5 APPPATH\Controllers\Home.php(25): view('welcome_message', [...])
 6 SYSTEMPATH\CodeIgniter.php(941): App\Controllers\Home->index()
 7 SYSTEMPATH\CodeIgniter.php(502): CodeIgniter\CodeIgniter->runController(Object(App\Controllers\Home))
 8 SYSTEMPATH\CodeIgniter.php(361): CodeIgniter\CodeIgniter->handleRequest(null, Object(Config\Cache), false)
 9 FCPATH\index.php(79): CodeIgniter\CodeIgniter->run()
10 SYSTEMPATH\Commands\Server\rewrite.php(47): require_once('D:\\test kerja\\pitjarus-test\\frontend\\public\\index.php')
CRITICAL - 2024-01-17 12:55:39 --> ErrorException: Invalid argument supplied for foreach()
in APPPATH\Views\welcome_message.php on line 48.
 1 APPPATH\Views\welcome_message.php(48): CodeIgniter\Debug\Exceptions->errorHandler(2, 'Invalid argument supplied for foreach()', 'D:\\test kerja\\pitjarus-test\\frontend\\app\\Views\\welcome_message.php', 48, [...])
 2 SYSTEMPATH\View\View.php(228): include('D:\\test kerja\\pitjarus-test\\frontend\\app\\Views\\welcome_message.php')
 3 SYSTEMPATH\View\View.php(231): CodeIgniter\View\View->CodeIgniter\View\{closure}()
 4 SYSTEMPATH\Common.php(1178): CodeIgniter\View\View->render('welcome_message', [], true)
 5 APPPATH\Controllers\Home.php(25): view('welcome_message', [...])
 6 SYSTEMPATH\CodeIgniter.php(941): App\Controllers\Home->index()
 7 SYSTEMPATH\CodeIgniter.php(502): CodeIgniter\CodeIgniter->runController(Object(App\Controllers\Home))
 8 SYSTEMPATH\CodeIgniter.php(361): CodeIgniter\CodeIgniter->handleRequest(null, Object(Config\Cache), false)
 9 FCPATH\index.php(79): CodeIgniter\CodeIgniter->run()
10 SYSTEMPATH\Commands\Server\rewrite.php(47): require_once('D:\\test kerja\\pitjarus-test\\frontend\\public\\index.php')
CRITICAL - 2024-01-17 12:55:59 --> ErrorException: Invalid argument supplied for foreach()
in APPPATH\Views\welcome_message.php on line 47.
 1 APPPATH\Views\welcome_message.php(47): CodeIgniter\Debug\Exceptions->errorHandler(2, 'Invalid argument supplied for foreach()', 'D:\\test kerja\\pitjarus-test\\frontend\\app\\Views\\welcome_message.php', 47, [...])
 2 SYSTEMPATH\View\View.php(228): include('D:\\test kerja\\pitjarus-test\\frontend\\app\\Views\\welcome_message.php')
 3 SYSTEMPATH\View\View.php(231): CodeIgniter\View\View->CodeIgniter\View\{closure}()
 4 SYSTEMPATH\Common.php(1178): CodeIgniter\View\View->render('welcome_message', [], true)
 5 APPPATH\Controllers\Home.php(25): view('welcome_message', [...])
 6 SYSTEMPATH\CodeIgniter.php(941): App\Controllers\Home->index()
 7 SYSTEMPATH\CodeIgniter.php(502): CodeIgniter\CodeIgniter->runController(Object(App\Controllers\Home))
 8 SYSTEMPATH\CodeIgniter.php(361): CodeIgniter\CodeIgniter->handleRequest(null, Object(Config\Cache), false)
 9 FCPATH\index.php(79): CodeIgniter\CodeIgniter->run()
10 SYSTEMPATH\Commands\Server\rewrite.php(47): require_once('D:\\test kerja\\pitjarus-test\\frontend\\public\\index.php')
CRITICAL - 2024-01-17 12:56:00 --> ErrorException: Invalid argument supplied for foreach()
in APPPATH\Views\welcome_message.php on line 47.
 1 APPPATH\Views\welcome_message.php(47): CodeIgniter\Debug\Exceptions->errorHandler(2, 'Invalid argument supplied for foreach()', 'D:\\test kerja\\pitjarus-test\\frontend\\app\\Views\\welcome_message.php', 47, [...])
 2 SYSTEMPATH\View\View.php(228): include('D:\\test kerja\\pitjarus-test\\frontend\\app\\Views\\welcome_message.php')
 3 SYSTEMPATH\View\View.php(231): CodeIgniter\View\View->CodeIgniter\View\{closure}()
 4 SYSTEMPATH\Common.php(1178): CodeIgniter\View\View->render('welcome_message', [], true)
 5 APPPATH\Controllers\Home.php(25): view('welcome_message', [...])
 6 SYSTEMPATH\CodeIgniter.php(941): App\Controllers\Home->index()
 7 SYSTEMPATH\CodeIgniter.php(502): CodeIgniter\CodeIgniter->runController(Object(App\Controllers\Home))
 8 SYSTEMPATH\CodeIgniter.php(361): CodeIgniter\CodeIgniter->handleRequest(null, Object(Config\Cache), false)
 9 FCPATH\index.php(79): CodeIgniter\CodeIgniter->run()
10 SYSTEMPATH\Commands\Server\rewrite.php(47): require_once('D:\\test kerja\\pitjarus-test\\frontend\\public\\index.php')
CRITICAL - 2024-01-17 12:56:00 --> ErrorException: Invalid argument supplied for foreach()
in APPPATH\Views\welcome_message.php on line 47.
 1 APPPATH\Views\welcome_message.php(47): CodeIgniter\Debug\Exceptions->errorHandler(2, 'Invalid argument supplied for foreach()', 'D:\\test kerja\\pitjarus-test\\frontend\\app\\Views\\welcome_message.php', 47, [...])
 2 SYSTEMPATH\View\View.php(228): include('D:\\test kerja\\pitjarus-test\\frontend\\app\\Views\\welcome_message.php')
 3 SYSTEMPATH\View\View.php(231): CodeIgniter\View\View->CodeIgniter\View\{closure}()
 4 SYSTEMPATH\Common.php(1178): CodeIgniter\View\View->render('welcome_message', [], true)
 5 APPPATH\Controllers\Home.php(25): view('welcome_message', [...])
 6 SYSTEMPATH\CodeIgniter.php(941): App\Controllers\Home->index()
 7 SYSTEMPATH\CodeIgniter.php(502): CodeIgniter\CodeIgniter->runController(Object(App\Controllers\Home))
 8 SYSTEMPATH\CodeIgniter.php(361): CodeIgniter\CodeIgniter->handleRequest(null, Object(Config\Cache), false)
 9 FCPATH\index.php(79): CodeIgniter\CodeIgniter->run()
10 SYSTEMPATH\Commands\Server\rewrite.php(47): require_once('D:\\test kerja\\pitjarus-test\\frontend\\public\\index.php')
CRITICAL - 2024-01-17 12:56:48 --> ErrorException: Invalid argument supplied for foreach()
in APPPATH\Views\welcome_message.php on line 54.
 1 APPPATH\Views\welcome_message.php(54): CodeIgniter\Debug\Exceptions->errorHandler(2, 'Invalid argument supplied for foreach()', 'D:\\test kerja\\pitjarus-test\\frontend\\app\\Views\\welcome_message.php', 54, [...])
 2 SYSTEMPATH\View\View.php(228): include('D:\\test kerja\\pitjarus-test\\frontend\\app\\Views\\welcome_message.php')
 3 SYSTEMPATH\View\View.php(231): CodeIgniter\View\View->CodeIgniter\View\{closure}()
 4 SYSTEMPATH\Common.php(1178): CodeIgniter\View\View->render('welcome_message', [], true)
 5 APPPATH\Controllers\Home.php(25): view('welcome_message', [...])
 6 SYSTEMPATH\CodeIgniter.php(941): App\Controllers\Home->index()
 7 SYSTEMPATH\CodeIgniter.php(502): CodeIgniter\CodeIgniter->runController(Object(App\Controllers\Home))
 8 SYSTEMPATH\CodeIgniter.php(361): CodeIgniter\CodeIgniter->handleRequest(null, Object(Config\Cache), false)
 9 FCPATH\index.php(79): CodeIgniter\CodeIgniter->run()
10 SYSTEMPATH\Commands\Server\rewrite.php(47): require_once('D:\\test kerja\\pitjarus-test\\frontend\\public\\index.php')
CRITICAL - 2024-01-17 12:56:49 --> ErrorException: Invalid argument supplied for foreach()
in APPPATH\Views\welcome_message.php on line 54.
 1 APPPATH\Views\welcome_message.php(54): CodeIgniter\Debug\Exceptions->errorHandler(2, 'Invalid argument supplied for foreach()', 'D:\\test kerja\\pitjarus-test\\frontend\\app\\Views\\welcome_message.php', 54, [...])
 2 SYSTEMPATH\View\View.php(228): include('D:\\test kerja\\pitjarus-test\\frontend\\app\\Views\\welcome_message.php')
 3 SYSTEMPATH\View\View.php(231): CodeIgniter\View\View->CodeIgniter\View\{closure}()
 4 SYSTEMPATH\Common.php(1178): CodeIgniter\View\View->render('welcome_message', [], true)
 5 APPPATH\Controllers\Home.php(25): view('welcome_message', [...])
 6 SYSTEMPATH\CodeIgniter.php(941): App\Controllers\Home->index()
 7 SYSTEMPATH\CodeIgniter.php(502): CodeIgniter\CodeIgniter->runController(Object(App\Controllers\Home))
 8 SYSTEMPATH\CodeIgniter.php(361): CodeIgniter\CodeIgniter->handleRequest(null, Object(Config\Cache), false)
 9 FCPATH\index.php(79): CodeIgniter\CodeIgniter->run()
10 SYSTEMPATH\Commands\Server\rewrite.php(47): require_once('D:\\test kerja\\pitjarus-test\\frontend\\public\\index.php')
CRITICAL - 2024-01-17 12:58:52 --> ErrorException: Invalid argument supplied for foreach()
in APPPATH\Views\welcome_message.php on line 53.
 1 APPPATH\Views\welcome_message.php(53): CodeIgniter\Debug\Exceptions->errorHandler(2, 'Invalid argument supplied for foreach()', 'D:\\test kerja\\pitjarus-test\\frontend\\app\\Views\\welcome_message.php', 53, [...])
 2 SYSTEMPATH\View\View.php(228): include('D:\\test kerja\\pitjarus-test\\frontend\\app\\Views\\welcome_message.php')
 3 SYSTEMPATH\View\View.php(231): CodeIgniter\View\View->CodeIgniter\View\{closure}()
 4 SYSTEMPATH\Common.php(1178): CodeIgniter\View\View->render('welcome_message', [], true)
 5 APPPATH\Controllers\Home.php(25): view('welcome_message', [...])
 6 SYSTEMPATH\CodeIgniter.php(941): App\Controllers\Home->index()
 7 SYSTEMPATH\CodeIgniter.php(502): CodeIgniter\CodeIgniter->runController(Object(App\Controllers\Home))
 8 SYSTEMPATH\CodeIgniter.php(361): CodeIgniter\CodeIgniter->handleRequest(null, Object(Config\Cache), false)
 9 FCPATH\index.php(79): CodeIgniter\CodeIgniter->run()
10 SYSTEMPATH\Commands\Server\rewrite.php(47): require_once('D:\\test kerja\\pitjarus-test\\frontend\\public\\index.php')
CRITICAL - 2024-01-17 13:00:30 --> ErrorException: Invalid argument supplied for foreach()
in APPPATH\Views\welcome_message.php on line 50.
 1 APPPATH\Views\welcome_message.php(50): CodeIgniter\Debug\Exceptions->errorHandler(2, 'Invalid argument supplied for foreach()', 'D:\\test kerja\\pitjarus-test\\frontend\\app\\Views\\welcome_message.php', 50, [...])
 2 SYSTEMPATH\View\View.php(228): include('D:\\test kerja\\pitjarus-test\\frontend\\app\\Views\\welcome_message.php')
 3 SYSTEMPATH\View\View.php(231): CodeIgniter\View\View->CodeIgniter\View\{closure}()
 4 SYSTEMPATH\Common.php(1178): CodeIgniter\View\View->render('welcome_message', [], true)
 5 APPPATH\Controllers\Home.php(25): view('welcome_message', [...])
 6 SYSTEMPATH\CodeIgniter.php(941): App\Controllers\Home->index()
 7 SYSTEMPATH\CodeIgniter.php(502): CodeIgniter\CodeIgniter->runController(Object(App\Controllers\Home))
 8 SYSTEMPATH\CodeIgniter.php(361): CodeIgniter\CodeIgniter->handleRequest(null, Object(Config\Cache), false)
 9 FCPATH\index.php(79): CodeIgniter\CodeIgniter->run()
10 SYSTEMPATH\Commands\Server\rewrite.php(47): require_once('D:\\test kerja\\pitjarus-test\\frontend\\public\\index.php')
CRITICAL - 2024-01-17 13:01:59 --> ErrorException: Invalid argument supplied for foreach()
in APPPATH\Views\welcome_message.php on line 53.
 1 APPPATH\Views\welcome_message.php(53): CodeIgniter\Debug\Exceptions->errorHandler(2, 'Invalid argument supplied for foreach()', 'D:\\test kerja\\pitjarus-test\\frontend\\app\\Views\\welcome_message.php', 53, [...])
 2 SYSTEMPATH\View\View.php(228): include('D:\\test kerja\\pitjarus-test\\frontend\\app\\Views\\welcome_message.php')
 3 SYSTEMPATH\View\View.php(231): CodeIgniter\View\View->CodeIgniter\View\{closure}()
 4 SYSTEMPATH\Common.php(1178): CodeIgniter\View\View->render('welcome_message', [], true)
 5 APPPATH\Controllers\Home.php(25): view('welcome_message', [...])
 6 SYSTEMPATH\CodeIgniter.php(941): App\Controllers\Home->index()
 7 SYSTEMPATH\CodeIgniter.php(502): CodeIgniter\CodeIgniter->runController(Object(App\Controllers\Home))
 8 SYSTEMPATH\CodeIgniter.php(361): CodeIgniter\CodeIgniter->handleRequest(null, Object(Config\Cache), false)
 9 FCPATH\index.php(79): CodeIgniter\CodeIgniter->run()
10 SYSTEMPATH\Commands\Server\rewrite.php(47): require_once('D:\\test kerja\\pitjarus-test\\frontend\\public\\index.php')
CRITICAL - 2024-01-17 13:04:05 --> ErrorException: Invalid argument supplied for foreach()
in APPPATH\Views\welcome_message.php on line 52.
 1 APPPATH\Views\welcome_message.php(52): CodeIgniter\Debug\Exceptions->errorHandler(2, 'Invalid argument supplied for foreach()', 'D:\\test kerja\\pitjarus-test\\frontend\\app\\Views\\welcome_message.php', 52, [...])
 2 SYSTEMPATH\View\View.php(228): include('D:\\test kerja\\pitjarus-test\\frontend\\app\\Views\\welcome_message.php')
 3 SYSTEMPATH\View\View.php(231): CodeIgniter\View\View->CodeIgniter\View\{closure}()
 4 SYSTEMPATH\Common.php(1178): CodeIgniter\View\View->render('welcome_message', [], true)
 5 APPPATH\Controllers\Home.php(25): view('welcome_message', [...])
 6 SYSTEMPATH\CodeIgniter.php(941): App\Controllers\Home->index()
 7 SYSTEMPATH\CodeIgniter.php(502): CodeIgniter\CodeIgniter->runController(Object(App\Controllers\Home))
 8 SYSTEMPATH\CodeIgniter.php(361): CodeIgniter\CodeIgniter->handleRequest(null, Object(Config\Cache), false)
 9 FCPATH\index.php(79): CodeIgniter\CodeIgniter->run()
10 SYSTEMPATH\Commands\Server\rewrite.php(47): require_once('D:\\test kerja\\pitjarus-test\\frontend\\public\\index.php')
CRITICAL - 2024-01-17 13:04:06 --> ErrorException: Invalid argument supplied for foreach()
in APPPATH\Views\welcome_message.php on line 52.
 1 APPPATH\Views\welcome_message.php(52): CodeIgniter\Debug\Exceptions->errorHandler(2, 'Invalid argument supplied for foreach()', 'D:\\test kerja\\pitjarus-test\\frontend\\app\\Views\\welcome_message.php', 52, [...])
 2 SYSTEMPATH\View\View.php(228): include('D:\\test kerja\\pitjarus-test\\frontend\\app\\Views\\welcome_message.php')
 3 SYSTEMPATH\View\View.php(231): CodeIgniter\View\View->CodeIgniter\View\{closure}()
 4 SYSTEMPATH\Common.php(1178): CodeIgniter\View\View->render('welcome_message', [], true)
 5 APPPATH\Controllers\Home.php(25): view('welcome_message', [...])
 6 SYSTEMPATH\CodeIgniter.php(941): App\Controllers\Home->index()
 7 SYSTEMPATH\CodeIgniter.php(502): CodeIgniter\CodeIgniter->runController(Object(App\Controllers\Home))
 8 SYSTEMPATH\CodeIgniter.php(361): CodeIgniter\CodeIgniter->handleRequest(null, Object(Config\Cache), false)
 9 FCPATH\index.php(79): CodeIgniter\CodeIgniter->run()
10 SYSTEMPATH\Commands\Server\rewrite.php(47): require_once('D:\\test kerja\\pitjarus-test\\frontend\\public\\index.php')
CRITICAL - 2024-01-17 13:04:06 --> ErrorException: Invalid argument supplied for foreach()
in APPPATH\Views\welcome_message.php on line 52.
 1 APPPATH\Views\welcome_message.php(52): CodeIgniter\Debug\Exceptions->errorHandler(2, 'Invalid argument supplied for foreach()', 'D:\\test kerja\\pitjarus-test\\frontend\\app\\Views\\welcome_message.php', 52, [...])
 2 SYSTEMPATH\View\View.php(228): include('D:\\test kerja\\pitjarus-test\\frontend\\app\\Views\\welcome_message.php')
 3 SYSTEMPATH\View\View.php(231): CodeIgniter\View\View->CodeIgniter\View\{closure}()
 4 SYSTEMPATH\Common.php(1178): CodeIgniter\View\View->render('welcome_message', [], true)
 5 APPPATH\Controllers\Home.php(25): view('welcome_message', [...])
 6 SYSTEMPATH\CodeIgniter.php(941): App\Controllers\Home->index()
 7 SYSTEMPATH\CodeIgniter.php(502): CodeIgniter\CodeIgniter->runController(Object(App\Controllers\Home))
 8 SYSTEMPATH\CodeIgniter.php(361): CodeIgniter\CodeIgniter->handleRequest(null, Object(Config\Cache), false)
 9 FCPATH\index.php(79): CodeIgniter\CodeIgniter->run()
10 SYSTEMPATH\Commands\Server\rewrite.php(47): require_once('D:\\test kerja\\pitjarus-test\\frontend\\public\\index.php')
CRITICAL - 2024-01-17 13:57:51 --> CodeIgniter\HTTP\Exceptions\HTTPException: 7 : Failed to connect to localhost port 5000: Connection refused
in SYSTEMPATH\HTTP\CURLRequest.php on line 695.
 1 SYSTEMPATH\HTTP\CURLRequest.php(695): CodeIgniter\HTTP\Exceptions\HTTPException::forCurlError('7', 'Failed to connect to localhost port 5000: Connection refused')
 2 SYSTEMPATH\HTTP\CURLRequest.php(387): CodeIgniter\HTTP\CURLRequest->sendRequest([...])
 3 SYSTEMPATH\HTTP\CURLRequest.php(145): CodeIgniter\HTTP\CURLRequest->send('get', 'http://localhost:5000/get-chart')
 4 SYSTEMPATH\HTTP\CURLRequest.php(180): CodeIgniter\HTTP\CURLRequest->request('get', 'http://localhost:5000/get-chart', [])
 5 APPPATH\Controllers\Home.php(11): CodeIgniter\HTTP\CURLRequest->get('http://localhost:5000/get-chart')
 6 SYSTEMPATH\CodeIgniter.php(941): App\Controllers\Home->index()
 7 SYSTEMPATH\CodeIgniter.php(502): CodeIgniter\CodeIgniter->runController(Object(App\Controllers\Home))
 8 SYSTEMPATH\CodeIgniter.php(361): CodeIgniter\CodeIgniter->handleRequest(null, Object(Config\Cache), false)
 9 FCPATH\index.php(79): CodeIgniter\CodeIgniter->run()
10 SYSTEMPATH\Commands\Server\rewrite.php(47): require_once('D:\\test kerja\\pitjarus-test\\frontend\\public\\index.php')
